#
# There is insufficient memory for the Java Runtime Environment to continue.
# Native memory allocation (malloc) failed to allocate 546096 bytes for Chunk::new
# Possible reasons:
#   The system is out of physical RAM or swap space
#   The process is running with CompressedOops enabled, and the Java Heap may be blocking the growth of the native heap
# Possible solutions:
#   Reduce memory load on the system
#   Increase physical memory or swap space
#   Check if swap backing store is full
#   Decrease Java heap size (-Xmx/-Xms)
#   Decrease number of Java threads
#   Decrease Java thread stack sizes (-Xss)
#   Set larger code cache with -XX:ReservedCodeCacheSize=
#   JVM is running with Unscaled Compressed Oops mode in which the Java heap is
#     placed in the first 4GB address space. The Java Heap base address is the
#     maximum limit for the native heap growth. Please use -XX:HeapBaseMinAddress
#     to set the Java Heap base and to place the Java Heap above 4GB virtual address.
# This output file may be truncated or incomplete.
#
#  Out of Memory Error (allocation.cpp:389), pid=3736, tid=0x0000000000001cac
#
# JRE version: Java(TM) SE Runtime Environment (8.0_202-b08) (build 1.8.0_202-b08)
# Java VM: Java HotSpot(TM) 64-Bit Server VM (25.202-b08 mixed mode windows-amd64 compressed oops)
# Failed to write core dump. Minidumps are not enabled by default on client versions of Windows
#

---------------  T H R E A D  ---------------

Current thread (0x00000000150c9000):  JavaThread "C2 CompilerThread0" daemon [_thread_in_native, id=7340, stack(0x0000000016110000,0x0000000016210000)]

Stack: [0x0000000016110000,0x0000000016210000]
[error occurred during error reporting (printing stack bounds), id 0xc0000005]

Native frames: (J=compiled Java code, j=interpreted, Vv=VM code, C=native code)


Current CompileTask:
C2:  18188 1367       4       java.util.regex.Pattern$Curly::match (86 bytes)


---------------  P R O C E S S  ---------------

Java Threads: ( => current thread )
  0x0000000016f7d800 JavaThread "surefire-forkedjvm-command-thread" daemon [_thread_in_native, id=12832, stack(0x00000000180e0000,0x00000000181e0000)]
  0x0000000015138800 JavaThread "Service Thread" daemon [_thread_blocked, id=15160, stack(0x0000000016310000,0x0000000016410000)]
  0x0000000015121800 JavaThread "C1 CompilerThread1" daemon [_thread_blocked, id=9504, stack(0x0000000016210000,0x0000000016310000)]
=>0x00000000150c9000 JavaThread "C2 CompilerThread0" daemon [_thread_in_native, id=7340, stack(0x0000000016110000,0x0000000016210000)]
  0x00000000150c8000 JavaThread "Attach Listener" daemon [_thread_blocked, id=10320, stack(0x0000000016010000,0x0000000016110000)]
  0x00000000150d4000 JavaThread "Signal Dispatcher" daemon [_thread_blocked, id=1200, stack(0x0000000015f10000,0x0000000016010000)]
  0x00000000031b2000 JavaThread "Finalizer" daemon [_thread_blocked, id=14344, stack(0x0000000015d00000,0x0000000015e00000)]
  0x00000000150b8000 JavaThread "Reference Handler" daemon [_thread_blocked, id=15616, stack(0x0000000015c00000,0x0000000015d00000)]
  0x00000000030c2800 JavaThread "main" [_thread_in_vm, id=12340, stack(0x0000000002fa0000,0x00000000030a0000)]

Other Threads:
  0x0000000015096800 VMThread [stack: 0x0000000015b00000,0x0000000015c00000] [id=3608]
  0x000000001513a000 WatcherThread [stack: 0x0000000016410000,0x0000000016510000] [id=9680]

VM state:not at safepoint (normal execution)

VM Mutex/Monitor currently owned by a thread: None

heap address: 0x00000000c9e00000, size: 866 MB, Compressed Oops mode: 32-bit
Narrow klass base: 0x0000000000000000, Narrow klass shift: 3
Compressed class space size: 1073741824 Address: 0x0000000100000000

Heap:
 PSYoungGen      total 31744K, used 21912K [0x00000000edf80000, 0x00000000f0080000, 0x0000000100000000)
  eden space 29696K, 66% used [0x00000000edf80000,0x00000000ef2e9f48,0x00000000efc80000)
  from space 2048K, 99% used [0x00000000efe80000,0x00000000f007c340,0x00000000f0080000)
  to   space 2048K, 0% used [0x00000000efc80000,0x00000000efc80000,0x00000000efe80000)
 ParOldGen       total 38400K, used 6049K [0x00000000c9e00000, 0x00000000cc380000, 0x00000000edf80000)
  object space 38400K, 15% used [0x00000000c9e00000,0x00000000ca3e87d0,0x00000000cc380000)
 Metaspace       used 15758K, capacity 16232K, committed 16384K, reserved 1062912K
  class space    used 1864K, capacity 1980K, committed 2048K, reserved 1048576K

Card table byte_map: [0x0000000012590000,0x0000000012750000] byte_map_base: 0x0000000011f41000

Marking Bits: (ParMarkBitMap*) 0x0000000069635ce0
 Begin Bits: [0x0000000012a80000, 0x0000000013808000)
 End Bits:   [0x0000000013808000, 0x0000000014590000)

Polling page: 0x00000000030a0000

CodeCache: size=245760Kb used=4835Kb max_used=4835Kb free=240924Kb
 bounds [0x00000000031d0000, 0x0000000003690000, 0x00000000121d0000]
 total_blobs=1742 nmethods=1366 adapters=289
 compilation: enabled

Compilation events (10 events):
Event: 18.140 Thread 0x0000000015121800 nmethod 1362 0x000000000368a750 code [0x000000000368a8a0, 0x000000000368aa50]
Event: 18.140 Thread 0x0000000015121800 1363       3       java.util.ArrayDeque::peek (5 bytes)
Event: 18.141 Thread 0x0000000015121800 nmethod 1363 0x000000000368ab10 code [0x000000000368ac80, 0x000000000368ae70]
Event: 18.141 Thread 0x0000000015121800 1364       3       java.util.ArrayDeque::peekFirst (10 bytes)
Event: 18.141 Thread 0x0000000015121800 nmethod 1364 0x000000000368af90 code [0x000000000368b0e0, 0x000000000368b250]
Event: 18.141 Thread 0x0000000015121800 1365       3       io.cucumber.core.gherkin.messages.internal.gherkin.AstNode::add (47 bytes)
Event: 18.141 Thread 0x0000000015121800 nmethod 1365 0x000000000368b310 code [0x000000000368b4e0, 0x000000000368bbe8]
Event: 18.141 Thread 0x0000000015121800 1366       3       io.cucumber.core.gherkin.messages.internal.gherkin.Parser$RuleType::values (10 bytes)
Event: 18.141 Thread 0x0000000015121800 nmethod 1366 0x000000000368bed0 code [0x000000000368c040, 0x000000000368c328]
Event: 18.142 Thread 0x00000000150c9000 1367       4       java.util.regex.Pattern$Curly::match (86 bytes)

GC Heap History (8 events):
Event: 2.010 GC heap before
{Heap before GC invocations=1 (full 0):
 PSYoungGen      total 16896K, used 14848K [0x00000000edf80000, 0x00000000ef200000, 0x0000000100000000)
  eden space 14848K, 100% used [0x00000000edf80000,0x00000000eee00000,0x00000000eee00000)
  from space 2048K, 0% used [0x00000000ef000000,0x00000000ef000000,0x00000000ef200000)
  to   space 2048K, 0% used [0x00000000eee00000,0x00000000eee00000,0x00000000ef000000)
 ParOldGen       total 38400K, used 0K [0x00000000c9e00000, 0x00000000cc380000, 0x00000000edf80000)
  object space 38400K, 0% used [0x00000000c9e00000,0x00000000c9e00000,0x00000000cc380000)
 Metaspace       used 4907K, capacity 5108K, committed 5248K, reserved 1056768K
  class space    used 542K, capacity 560K, committed 640K, reserved 1048576K
Event: 2.016 GC heap after
Heap after GC invocations=1 (full 0):
 PSYoungGen      total 16896K, used 2016K [0x00000000edf80000, 0x00000000ef200000, 0x0000000100000000)
  eden space 14848K, 0% used [0x00000000edf80000,0x00000000edf80000,0x00000000eee00000)
  from space 2048K, 98% used [0x00000000eee00000,0x00000000eeff8350,0x00000000ef000000)
  to   space 2048K, 0% used [0x00000000ef000000,0x00000000ef000000,0x00000000ef200000)
 ParOldGen       total 38400K, used 673K [0x00000000c9e00000, 0x00000000cc380000, 0x00000000edf80000)
  object space 38400K, 1% used [0x00000000c9e00000,0x00000000c9ea8478,0x00000000cc380000)
 Metaspace       used 4907K, capacity 5108K, committed 5248K, reserved 1056768K
  class space    used 542K, capacity 560K, committed 640K, reserved 1048576K
}
Event: 2.973 GC heap before
{Heap before GC invocations=2 (full 0):
 PSYoungGen      total 16896K, used 16864K [0x00000000edf80000, 0x00000000ef200000, 0x0000000100000000)
  eden space 14848K, 100% used [0x00000000edf80000,0x00000000eee00000,0x00000000eee00000)
  from space 2048K, 98% used [0x00000000eee00000,0x00000000eeff8350,0x00000000ef000000)
  to   space 2048K, 0% used [0x00000000ef000000,0x00000000ef000000,0x00000000ef200000)
 ParOldGen       total 38400K, used 673K [0x00000000c9e00000, 0x00000000cc380000, 0x00000000edf80000)
  object space 38400K, 1% used [0x00000000c9e00000,0x00000000c9ea8478,0x00000000cc380000)
 Metaspace       used 6005K, capacity 6134K, committed 6400K, reserved 1056768K
  class space    used 692K, capacity 723K, committed 768K, reserved 1048576K
Event: 3.006 GC heap after
Heap after GC invocations=2 (full 0):
 PSYoungGen      total 16896K, used 2016K [0x00000000edf80000, 0x00000000f0080000, 0x0000000100000000)
  eden space 14848K, 0% used [0x00000000edf80000,0x00000000edf80000,0x00000000eee00000)
  from space 2048K, 98% used [0x00000000ef000000,0x00000000ef1f8350,0x00000000ef200000)
  to   space 2048K, 0% used [0x00000000eee00000,0x00000000eee00000,0x00000000ef000000)
 ParOldGen       total 38400K, used 1448K [0x00000000c9e00000, 0x00000000cc380000, 0x00000000edf80000)
  object space 38400K, 3% used [0x00000000c9e00000,0x00000000c9f6a0f8,0x00000000cc380000)
 Metaspace       used 6005K, capacity 6134K, committed 6400K, reserved 1056768K
  class space    used 692K, capacity 723K, committed 768K, reserved 1048576K
}
Event: 5.144 GC heap before
{Heap before GC invocations=3 (full 0):
 PSYoungGen      total 16896K, used 16864K [0x00000000edf80000, 0x00000000f0080000, 0x0000000100000000)
  eden space 14848K, 100% used [0x00000000edf80000,0x00000000eee00000,0x00000000eee00000)
  from space 2048K, 98% used [0x00000000ef000000,0x00000000ef1f8350,0x00000000ef200000)
  to   space 2048K, 0% used [0x00000000eee00000,0x00000000eee00000,0x00000000ef000000)
 ParOldGen       total 38400K, used 1448K [0x00000000c9e00000, 0x00000000cc380000, 0x00000000edf80000)
  object space 38400K, 3% used [0x00000000c9e00000,0x00000000c9f6a0f8,0x00000000cc380000)
 Metaspace       used 9255K, capacity 9574K, committed 9728K, reserved 1058816K
  class space    used 1095K, capacity 1179K, committed 1280K, reserved 1048576K
Event: 5.178 GC heap after
Heap after GC invocations=3 (full 0):
 PSYoungGen      total 16896K, used 2016K [0x00000000edf80000, 0x00000000f0080000, 0x0000000100000000)
  eden space 14848K, 0% used [0x00000000edf80000,0x00000000edf80000,0x00000000eee00000)
  from space 2048K, 98% used [0x00000000eee00000,0x00000000eeff8350,0x00000000ef000000)
  to   space 2048K, 0% used [0x00000000efe80000,0x00000000efe80000,0x00000000f0080000)
 ParOldGen       total 38400K, used 3465K [0x00000000c9e00000, 0x00000000cc380000, 0x00000000edf80000)
  object space 38400K, 9% used [0x00000000c9e00000,0x00000000ca1624c8,0x00000000cc380000)
 Metaspace       used 9255K, capacity 9574K, committed 9728K, reserved 1058816K
  class space    used 1095K, capacity 1179K, committed 1280K, reserved 1048576K
}
Event: 9.742 GC heap before
{Heap before GC invocations=4 (full 0):
 PSYoungGen      total 16896K, used 16864K [0x00000000edf80000, 0x00000000f0080000, 0x0000000100000000)
  eden space 14848K, 100% used [0x00000000edf80000,0x00000000eee00000,0x00000000eee00000)
  from space 2048K, 98% used [0x00000000eee00000,0x00000000eeff8350,0x00000000ef000000)
  to   space 2048K, 0% used [0x00000000efe80000,0x00000000efe80000,0x00000000f0080000)
 ParOldGen       total 38400K, used 3465K [0x00000000c9e00000, 0x00000000cc380000, 0x00000000edf80000)
  object space 38400K, 9% used [0x00000000c9e00000,0x00000000ca1624c8,0x00000000cc380000)
 Metaspace       used 11972K, capacity 12346K, committed 12416K, reserved 1060864K
  class space    used 1474K, capacity 1611K, committed 1664K, reserved 1048576K
Event: 9.902 GC heap after
Heap after GC invocations=4 (full 0):
 PSYoungGen      total 31744K, used 2032K [0x00000000edf80000, 0x00000000f0080000, 0x0000000100000000)
  eden space 29696K, 0% used [0x00000000edf80000,0x00000000edf80000,0x00000000efc80000)
  from space 2048K, 99% used [0x00000000efe80000,0x00000000f007c340,0x00000000f0080000)
  to   space 2048K, 0% used [0x00000000efc80000,0x00000000efc80000,0x00000000efe80000)
 ParOldGen       total 38400K, used 6049K [0x00000000c9e00000, 0x00000000cc380000, 0x00000000edf80000)
  object space 38400K, 15% used [0x00000000c9e00000,0x00000000ca3e87d0,0x00000000cc380000)
 Metaspace       used 11972K, capacity 12346K, committed 12416K, reserved 1060864K
  class space    used 1474K, capacity 1611K, committed 1664K, reserved 1048576K
}

Deoptimization events (10 events):
Event: 10.344 Thread 0x00000000030c2800 Uncommon trap: reason=bimorphic action=maybe_recompile pc=0x00000000035126d0 method=java.util.HashMap.putVal(ILjava/lang/Object;Ljava/lang/Object;ZZ)Ljava/lang/Object; @ 203
Event: 11.185 Thread 0x00000000030c2800 Uncommon trap: reason=class_check action=maybe_recompile pc=0x00000000035df8f4 method=java.util.regex.Matcher.search(I)Z @ 86
Event: 11.186 Thread 0x00000000030c2800 Uncommon trap: reason=class_check action=maybe_recompile pc=0x00000000035df8f4 method=java.util.regex.Matcher.search(I)Z @ 86
Event: 11.460 Thread 0x00000000030c2800 Uncommon trap: reason=unstable_if action=reinterpret pc=0x00000000035df9b0 method=java.util.regex.Pattern$Start.match(Ljava/util/regex/Matcher;ILjava/lang/CharSequence;)Z @ 10
Event: 11.548 Thread 0x00000000030c2800 Uncommon trap: reason=class_check action=maybe_recompile pc=0x00000000035e2054 method=java.util.regex.Pattern$BmpCharProperty.match(Ljava/util/regex/Matcher;ILjava/lang/CharSequence;)Z @ 16
Event: 11.548 Thread 0x00000000030c2800 Uncommon trap: reason=class_check action=maybe_recompile pc=0x00000000035e2054 method=java.util.regex.Pattern$BmpCharProperty.match(Ljava/util/regex/Matcher;ILjava/lang/CharSequence;)Z @ 16
Event: 11.548 Thread 0x00000000030c2800 Uncommon trap: reason=class_check action=maybe_recompile pc=0x00000000035e2054 method=java.util.regex.Pattern$BmpCharProperty.match(Ljava/util/regex/Matcher;ILjava/lang/CharSequence;)Z @ 16
Event: 13.809 Thread 0x00000000030c2800 Uncommon trap: reason=class_check action=maybe_recompile pc=0x00000000035e2054 method=java.util.regex.Pattern$BmpCharProperty.match(Ljava/util/regex/Matcher;ILjava/lang/CharSequence;)Z @ 16
Event: 13.826 Thread 0x00000000030c2800 Uncommon trap: reason=unstable_if action=reinterpret pc=0x00000000036327fc method=java.util.regex.Pattern$BmpCharProperty.match(Ljava/util/regex/Matcher;ILjava/lang/CharSequence;)Z @ 5
Event: 16.493 Thread 0x00000000030c2800 Uncommon trap: reason=unstable_if action=reinterpret pc=0x0000000003525190 method=java.io.WinNTFileSystem.normalize(Ljava/lang/String;)Ljava/lang/String; @ 128

Classes redefined (0 events):
No events

Internal exceptions (10 events):
Event: 3.325 Thread 0x00000000030c2800 Exception <a 'java/lang/NoSuchFieldError': method resolution failed> (0x00000000ee56bc60) thrown at [C:\re\workspace\8-2-build-windows-amd64-cygwin\jdk8u202\12323\hotspot\src\share\vm\prims\methodHandles.cpp, line 1167]
Event: 3.333 Thread 0x00000000030c2800 Exception <a 'java/lang/NoSuchFieldError': method resolution failed> (0x00000000ee579320) thrown at [C:\re\workspace\8-2-build-windows-amd64-cygwin\jdk8u202\12323\hotspot\src\share\vm\prims\methodHandles.cpp, line 1167]
Event: 3.408 Thread 0x00000000030c2800 Exception <a 'java/lang/NoSuchMethodError': java.lang.Object.lambda$andThen$1(Ljava/util/function/Function;Ljava/lang/Object;)Ljava/lang/Object;> (0x00000000ee61c378) thrown at [C:\re\workspace\8-2-build-windows-amd64-cygwin\jdk8u202\12323\hotspot\src\sha
Event: 3.448 Thread 0x00000000030c2800 Exception <a 'java/lang/NoSuchMethodError': java.lang.Object.lambda$identity$2(Ljava/lang/Object;)Ljava/lang/Object;> (0x00000000ee69c688) thrown at [C:\re\workspace\8-2-build-windows-amd64-cygwin\jdk8u202\12323\hotspot\src\share\vm\interpreter\linkResolv
Event: 3.484 Thread 0x00000000030c2800 Exception <a 'java/lang/NoSuchMethodError': java.lang.Object.lambda$comparing$77a9974f$1(Ljava/util/function/Function;Ljava/lang/Object;Ljava/lang/Object;)I> (0x00000000ee709a68) thrown at [C:\re\workspace\8-2-build-windows-amd64-cygwin\jdk8u202\12323\hot
Event: 3.490 Thread 0x00000000030c2800 Exception <a 'java/lang/NoSuchMethodError': java.lang.Object.lambda$thenComparing$36697e65$1(Ljava/util/Comparator;Ljava/lang/Object;Ljava/lang/Object;)I> (0x00000000ee71c968) thrown at [C:\re\workspace\8-2-build-windows-amd64-cygwin\jdk8u202\12323\hotspo
Event: 5.267 Thread 0x00000000030c2800 Exception <a 'java/lang/ArrayIndexOutOfBoundsException': 18> (0x00000000ee0286c0) thrown at [C:\re\workspace\8-2-build-windows-amd64-cygwin\jdk8u202\12323\hotspot\src\share\vm\interpreter\interpreterRuntime.cpp, line 368]
Event: 5.763 Thread 0x00000000030c2800 Exception <a 'java/lang/NoSuchMethodError': java.lang.Object.lambda$comparing$ea9a8b3a$1(Ljava/util/Comparator;Ljava/util/function/Function;Ljava/lang/Object;Ljava/lang/Object;)I> (0x00000000ee14bb88) thrown at [C:\re\workspace\8-2-build-windows-amd64-cyg
Event: 11.406 Thread 0x00000000030c2800 Exception <a 'sun/nio/fs/WindowsException'> (0x00000000ee7a5770) thrown at [C:\re\workspace\8-2-build-windows-amd64-cygwin\jdk8u202\12323\hotspot\src\share\vm\prims\jni.cpp, line 710]
Event: 11.472 Thread 0x00000000030c2800 Exception <a 'java/lang/NoSuchMethodError': java.lang.Object.lambda$andThen$0(Ljava/util/function/Function;Ljava/lang/Object;Ljava/lang/Object;)Ljava/lang/Object;> (0x00000000ee7d4008) thrown at [C:\re\workspace\8-2-build-windows-amd64-cygwin\jdk8u202\123

Events (10 events):
Event: 17.369 loading class io/cucumber/messages/internal/com/google/protobuf/CodedInputStream$IterableDirectByteBufferDecoder
Event: 17.369 loading class io/cucumber/messages/internal/com/google/protobuf/CodedInputStream$IterableDirectByteBufferDecoder done
Event: 17.401 loading class io/cucumber/messages/internal/com/google/protobuf/InvalidProtocolBufferException$InvalidWireTypeException
Event: 17.401 loading class io/cucumber/messages/internal/com/google/protobuf/InvalidProtocolBufferException$InvalidWireTypeException done
Event: 17.404 loading class io/cucumber/messages/internal/com/google/protobuf/LazyStringList
Event: 17.404 loading class io/cucumber/messages/internal/com/google/protobuf/LazyStringList done
Event: 17.438 loading class io/cucumber/messages/internal/com/google/protobuf/ProtocolStringList
Event: 17.438 loading class io/cucumber/messages/internal/com/google/protobuf/ProtocolStringList done
Event: 17.453 loading class io/cucumber/messages/internal/com/google/protobuf/PrimitiveNonBoxingCollection
Event: 17.453 loading class io/cucumber/messages/internal/com/google/protobuf/PrimitiveNonBoxingCollection done


Dynamic libraries:
0x00007ff6bb2a0000 - 0x00007ff6bb2d7000 	C:\Program Files\Java\jdk1.8.0_202\jre\bin\java.exe
0x00007ffb84610000 - 0x00007ffb84824000 	C:\WINDOWS\SYSTEM32\ntdll.dll
0x00007ffb49200000 - 0x00007ffb49219000 	C:\Program Files\Avast Software\Avast\aswhook.dll
0x00007ffb82ff0000 - 0x00007ffb830b2000 	C:\WINDOWS\System32\KERNEL32.DLL
0x00007ffb81d30000 - 0x00007ffb820d3000 	C:\WINDOWS\System32\KERNELBASE.dll
0x00007ffb82940000 - 0x00007ffb829ee000 	C:\WINDOWS\System32\ADVAPI32.dll
0x00007ffb82d60000 - 0x00007ffb82e07000 	C:\WINDOWS\System32\msvcrt.dll
0x00007ffb83b80000 - 0x00007ffb83c24000 	C:\WINDOWS\System32\sechost.dll
0x00007ffb83f20000 - 0x00007ffb84037000 	C:\WINDOWS\System32\RPCRT4.dll
0x00007ffb82ae0000 - 0x00007ffb82c8b000 	C:\WINDOWS\System32\USER32.dll
0x00007ffb822a0000 - 0x00007ffb822c6000 	C:\WINDOWS\System32\win32u.dll
0x00007ffb83b50000 - 0x00007ffb83b79000 	C:\WINDOWS\System32\GDI32.dll
0x00007ffb822d0000 - 0x00007ffb823e9000 	C:\WINDOWS\System32\gdi32full.dll
0x00007ffb82200000 - 0x00007ffb8229a000 	C:\WINDOWS\System32\msvcp_win.dll
0x00007ffb820e0000 - 0x00007ffb821f1000 	C:\WINDOWS\System32\ucrtbase.dll
0x00007ffb716b0000 - 0x00007ffb7193e000 	C:\WINDOWS\WinSxS\amd64_microsoft.windows.common-controls_6595b64144ccf1df_6.0.22621.1635_none_270f70857386168e\COMCTL32.dll
0x00007ffb823f0000 - 0x00007ffb82421000 	C:\WINDOWS\System32\IMM32.DLL
0x00000000696c0000 - 0x0000000069792000 	C:\Program Files\Java\jdk1.8.0_202\jre\bin\msvcr100.dll
0x0000000068e10000 - 0x00000000696b5000 	C:\Program Files\Java\jdk1.8.0_202\jre\bin\server\jvm.dll
0x00007ffb832d0000 - 0x00007ffb832d8000 	C:\WINDOWS\System32\PSAPI.DLL
0x00007ffb6d130000 - 0x00007ffb6d139000 	C:\WINDOWS\SYSTEM32\WSOCK32.dll
0x00007ffb828c0000 - 0x00007ffb82931000 	C:\WINDOWS\System32\WS2_32.dll
0x00007ffb79bb0000 - 0x00007ffb79be4000 	C:\WINDOWS\SYSTEM32\WINMM.dll
0x00007ffb79ce0000 - 0x00007ffb79cea000 	C:\WINDOWS\SYSTEM32\VERSION.dll
0x00007ffb798c0000 - 0x00007ffb798cf000 	C:\Program Files\Java\jdk1.8.0_202\jre\bin\verify.dll
0x00007ffb750d0000 - 0x00007ffb750f9000 	C:\Program Files\Java\jdk1.8.0_202\jre\bin\java.dll
0x00007ffb74f80000 - 0x00007ffb74f96000 	C:\Program Files\Java\jdk1.8.0_202\jre\bin\zip.dll
0x00007ffb83350000 - 0x00007ffb83b4a000 	C:\WINDOWS\System32\SHELL32.dll
0x00007ffb7fa10000 - 0x00007ffb802de000 	C:\WINDOWS\SYSTEM32\windows.storage.dll
0x00007ffb82530000 - 0x00007ffb828b9000 	C:\WINDOWS\System32\combase.dll
0x00007ffb7f8d0000 - 0x00007ffb7fa0e000 	C:\WINDOWS\SYSTEM32\wintypes.dll
0x00007ffb830c0000 - 0x00007ffb831b1000 	C:\WINDOWS\System32\SHCORE.dll
0x00007ffb829f0000 - 0x00007ffb82a4e000 	C:\WINDOWS\System32\shlwapi.dll
0x00007ffb81940000 - 0x00007ffb81961000 	C:\WINDOWS\SYSTEM32\profapi.dll
0x00007ffb73760000 - 0x00007ffb7376d000 	C:\Program Files\Java\jdk1.8.0_202\jre\bin\management.dll
0x00007ffb71ee0000 - 0x00007ffb71efa000 	C:\Program Files\Java\jdk1.8.0_202\jre\bin\net.dll
0x00007ffb73080000 - 0x00007ffb7326f000 	C:\WINDOWS\SYSTEM32\urlmon.dll
0x00007ffb72d90000 - 0x00007ffb73041000 	C:\WINDOWS\SYSTEM32\iertutil.dll
0x00007ffb73050000 - 0x00007ffb73078000 	C:\WINDOWS\SYSTEM32\srvcli.dll
0x00007ffb80450000 - 0x00007ffb8045c000 	C:\WINDOWS\SYSTEM32\netutils.dll
0x00007ffb80ed0000 - 0x00007ffb80f39000 	C:\WINDOWS\system32\mswsock.dll
0x00007ffb6df90000 - 0x00007ffb6dfa2000 	C:\Program Files\Java\jdk1.8.0_202\jre\bin\nio.dll
0x00007ffb81130000 - 0x00007ffb8114b000 	C:\WINDOWS\SYSTEM32\CRYPTSP.dll
0x00007ffb809d0000 - 0x00007ffb80a05000 	C:\WINDOWS\system32\rsaenh.dll
0x00007ffb80fd0000 - 0x00007ffb80ff8000 	C:\WINDOWS\SYSTEM32\USERENV.dll
0x00007ffb812f0000 - 0x00007ffb81318000 	C:\WINDOWS\SYSTEM32\bcrypt.dll
0x00007ffb81a10000 - 0x00007ffb81a8b000 	C:\WINDOWS\System32\bcryptprimitives.dll
0x00007ffb81150000 - 0x00007ffb8115c000 	C:\WINDOWS\SYSTEM32\CRYPTBASE.dll
0x00007ffb80580000 - 0x00007ffb805ad000 	C:\WINDOWS\SYSTEM32\IPHLPAPI.DLL
0x00007ffb82e10000 - 0x00007ffb82e19000 	C:\WINDOWS\System32\NSI.dll
0x00007ffb788c0000 - 0x00007ffb788d9000 	C:\WINDOWS\SYSTEM32\dhcpcsvc6.DLL
0x00007ffb788a0000 - 0x00007ffb788bf000 	C:\WINDOWS\SYSTEM32\dhcpcsvc.DLL
0x00007ffb80600000 - 0x00007ffb806f3000 	C:\WINDOWS\SYSTEM32\DNSAPI.dll

VM Arguments:
java_command: C:\Users\Lenovo\AppData\Local\Temp\surefire8312207921932648378\surefirebooter1883326022139463282.jar C:\Users\Lenovo\AppData\Local\Temp\surefire8312207921932648378 2023-06-25T17-47-50_597-jvmRun1 surefire2778933507100141535tmp surefire_0420688643019367079tmp
java_class_path (initial): C:\Users\Lenovo\AppData\Local\Temp\surefire8312207921932648378\surefirebooter1883326022139463282.jar
Launcher Type: SUN_STANDARD

Environment Variables:
JAVA_HOME=C:\Program Files\Java\jdk1.8.0_202
PATH=C:\Python311\Scripts\;C:\Python311\;C:\Program Files\Common Files\Oracle\Java\javapath;C:\Program Files (x86)\Common Files\Oracle\Java\javapath;C:\WINDOWS\system32;C:\WINDOWS;C:\WINDOWS\System32\Wbem;C:\WINDOWS\System32\WindowsPowerShell\v1.0\;C:\WINDOWS\System32\OpenSSH\;C:\Program Files\Microsoft SQL Server\120\Tools\Binn\;C:\Program Files\Microsoft SQL Server\Client SDK\ODBC\110\Tools\Binn\;C:\Program Files (x86)\Common Files\AspenTech Shared\;C:\Program Files\Common Files\AspenTech Shared\;C:\Program Files\Git\cmd;C:\ProgramData\chocolatey\bin;C:\Program Files\apache-maven-3.9.1\bin;C:\Program Files\Java\jdk1.8.0_202\bin;C:\Users\Lenovo\AppData\Local\Android\Sdk\platform-tools\platform-tools;C:\Program Files\nodejs\;C:\Users\Lenovo\AppData\Local\Android\Sdk\platform-tools;C:\Users\Lenovo\AppData\Local\Microsoft\WindowsApps;C:\Program Files\Common Files\AspenTech Shared\;C:\Program Files\JetBrains\IntelliJ IDEA Community Edition 2022.3.2\bin;;C:\Users\Lenovo\AppData\Local\Programs\Microsoft VS Code\bin;C:\Users\Lenovo\AppData\Roaming\npm;C:\Users\Lenovo\AppData\Local\Android\Sdk\cmdline-tools\latest\bin;C:\Users\Lenovo\AppData\Local\Android\Sdk;
USERNAME=Lenovo
OS=Windows_NT
PROCESSOR_IDENTIFIER=AMD64 Family 23 Model 32 Stepping 1, AuthenticAMD



---------------  S Y S T E M  ---------------

OS: Windows 10.0 , 64 bit Build 22621 (10.0.22621.1778)

CPU:total 2 (initial active 2) (2 cores per cpu, 1 threads per core) family 23 model 32 stepping 1, cmov, cx8, fxsr, mmx, sse, sse2, sse3, ssse3, sse4.1, sse4.2, popcnt, avx, avx2, aes, clmul, mmxext, 3dnowpref, lzcnt, sse4a, tsc, tscinvbit, tscinv, bmi1

Memory: 4k page, physical 3543304k(64032k free), swap 14553352k(4452k free)

vm_info: Java HotSpot(TM) 64-Bit Server VM (25.202-b08) for windows-amd64 JRE (1.8.0_202-b08), built on Dec 15 2018 19:54:30 by "java_re" with MS VC++ 10.0 (VS2010)

time: Sun Jun 25 17:48:15 2023
timezone: SE Asia Standard Time
elapsed time: 18 seconds (0d 0h 0m 18s)

